<?xml version="1.0" encoding="UTF-8"?>
<!-- Generated by org.testng.reporters.JUnitXMLReporter -->
<testsuite hostname="LAPTOP-B2NH5A0A" ignored="5" name="Test" tests="1" failures="0" timestamp="08 Sep 2018 08:39:24 GMT" time="21.02" errors="0">
  <testcase name="@BeforeMethod setUp" time="20.912" classname="com.actitime.generic.BaseLib">
    <failure type="org.openqa.selenium.WebDriverException" message="Timed out waiting for driver server to start.
Build info: version: &amp;apos;3.14.0&amp;apos;, revision: &amp;apos;aacccce0&amp;apos;, time: &amp;apos;2018-08-02T20:13:22.693Z&amp;apos;
System info: host: &amp;apos;LAPTOP-B2NH5A0A&amp;apos;, ip: &amp;apos;192.168.0.109&amp;apos;, os.name: &amp;apos;Windows 10&amp;apos;, os.arch: &amp;apos;amd64&amp;apos;, os.version: &amp;apos;10.0&amp;apos;, java.version: &amp;apos;1.8.0_181&amp;apos;
Driver info: driver.version: ChromeDriver">
      <![CDATA[org.openqa.selenium.WebDriverException: Timed out waiting for driver server to start.
Build info: version: '3.14.0', revision: 'aacccce0', time: '2018-08-02T20:13:22.693Z'
System info: host: 'LAPTOP-B2NH5A0A', ip: '192.168.0.109', os.name: 'Windows 10', os.arch: 'amd64', os.version: '10.0', java.version: '1.8.0_181'
Driver info: driver.version: ChromeDriver
at org.openqa.selenium.remote.service.DriverService.waitUntilAvailable(DriverService.java:193)
at org.openqa.selenium.remote.service.DriverService.start(DriverService.java:179)
at org.openqa.selenium.remote.service.DriverCommandExecutor.execute(DriverCommandExecutor.java:79)
at org.openqa.selenium.remote.RemoteWebDriver.execute(RemoteWebDriver.java:548)
at org.openqa.selenium.remote.RemoteWebDriver.startSession(RemoteWebDriver.java:212)
at org.openqa.selenium.remote.RemoteWebDriver.<init>(RemoteWebDriver.java:130)
at org.openqa.selenium.chrome.ChromeDriver.<init>(ChromeDriver.java:181)
at org.openqa.selenium.chrome.ChromeDriver.<init>(ChromeDriver.java:168)
at org.openqa.selenium.chrome.ChromeDriver.<init>(ChromeDriver.java:123)
at com.actitime.generic.BaseLib.setUp(BaseLib.java:33)
Caused by: org.openqa.selenium.net.UrlChecker$TimeoutException: Timed out waiting for [http://localhost:26140/status] to be available after 20075 ms
at org.openqa.selenium.net.UrlChecker.waitUntilAvailable(UrlChecker.java:100)
at org.openqa.selenium.remote.service.DriverService.waitUntilAvailable(DriverService.java:188)
... 37 more
Caused by: java.util.concurrent.TimeoutException
at java.util.concurrent.FutureTask.get(Unknown Source)
at com.google.common.util.concurrent.SimpleTimeLimiter.callWithTimeout(SimpleTimeLimiter.java:156)
at org.openqa.selenium.net.UrlChecker.waitUntilAvailable(UrlChecker.java:75)
... 38 more
... Removed 28 stack frames]]>
    </failure>
  </testcase> <!-- @BeforeMethod setUp -->
  <testcase name="@AfterMethod tearDown" time="0.0" classname="com.actitime.generic.BaseLib">
    <skipped/>
  </testcase> <!-- @AfterMethod tearDown -->
  <testcase name="deleteTask" time="0.0" classname="com.actitime.scripts.TaskTest">
    <skipped/>
  </testcase> <!-- deleteTask -->
  <testcase name="CreateTask" time="0.0" classname="com.actitime.scripts.TaskTest">
    <ignored/>
  </testcase> <!-- CreateTask -->
  <testcase name="deleteCustomer" time="0.0" classname="com.actitime.scripts.TaskTest">
    <ignored/>
  </testcase> <!-- deleteCustomer -->
  <testcase name="DeleteProject" time="0.0" classname="com.actitime.scripts.TaskTest">
    <ignored/>
  </testcase> <!-- DeleteProject -->
  <testcase name="createCustomer" time="0.0" classname="com.actitime.scripts.TaskTest">
    <ignored/>
  </testcase> <!-- createCustomer -->
  <testcase name="createProject" time="0.0" classname="com.actitime.scripts.TaskTest">
    <ignored/>
  </testcase> <!-- createProject -->
</testsuite> <!-- Test -->
